12-18 02:08:30 com_github_MitjaNemec_ReplicateLayout.action_replicate_layout 326:Plugin executed on: 'win32'
12-18 02:08:30 com_github_MitjaNemec_ReplicateLayout.action_replicate_layout 327:Plugin executed with python version: '3.9.14 (main, Sep 19 2022, 05:11:57) [MSC v.1932 64 bit (AMD64)]'
12-18 02:08:30 com_github_MitjaNemec_ReplicateLayout.action_replicate_layout 328:KiCad build version: (6.0.9)
12-18 02:08:30 com_github_MitjaNemec_ReplicateLayout.action_replicate_layout 329:Plugin version: 1.2.5
12-18 02:08:30 com_github_MitjaNemec_ReplicateLayout.action_replicate_layout 330:Frame repr: <wx._core.Frame object at 0x0000017FF5DC63A0>
12-18 02:08:30 com_github_MitjaNemec_ReplicateLayout.action_replicate_layout 354:Preparing replicator with Q5 as a reference
12-18 02:08:30 com_github_MitjaNemec_ReplicateLayout.replicate_layout 110:getting a list of all footprints on board
12-18 02:08:30 com_github_MitjaNemec_ReplicateLayout.action_replicate_layout 378:source anchor footprint is 'Q5'
Located on: ['Safeties and related', 'AIR_PRE']
With filenames: ['Safeties.kicad_sch', 'HP_NMOS_PullDown.kicad_sch']
With sheet_id:['Safeties and related', 'AIR_PRE']
12-18 02:08:30 com_github_MitjaNemec_ReplicateLayout.action_replicate_layout 385:Corresponding footprints are 
[('Q5', ['Safeties and related', 'AIR_PRE']), ('Q3', ['Safeties and related', 'AIR_M']), ('Q6', ['Safeties and related', 'AIR_P'])]
12-18 02:08:30 com_github_MitjaNemec_ReplicateLayout.action_replicate_layout 397:Showing dialog
12-18 02:08:30 com_github_MitjaNemec_ReplicateLayout.replicate_layout 357:constructing a list of sheets suitable for replication on level:'AIR_PRE', file:'HP_NMOS_PullDown.kicad_sch'
12-18 02:08:30 com_github_MitjaNemec_ReplicateLayout.replicate_layout 394:suitable sheets are:[['Safeties and related', 'AIR_M'], ['Safeties and related', 'AIR_P']]
12-18 02:08:30 com_github_MitjaNemec_ReplicateLayout.replicate_layout 1314:Level selected: ['Safeties and related', 'AIR_PRE']
12-18 02:08:30 com_github_MitjaNemec_ReplicateLayout.replicate_layout 1149:Filtering list of tracks
12-18 02:08:30 com_github_MitjaNemec_ReplicateLayout.action_replicate_layout 403:Toolbar position: wx.Point(3803, 85)
12-18 02:08:30 com_github_MitjaNemec_ReplicateLayout.action_replicate_layout 409:Dialog position: wx.Point(3439, 85)
12-18 02:08:32 com_github_MitjaNemec_ReplicateLayout.replicate_layout 357:constructing a list of sheets suitable for replication on level:'AIR_PRE', file:'HP_NMOS_PullDown.kicad_sch'
12-18 02:08:32 com_github_MitjaNemec_ReplicateLayout.replicate_layout 394:suitable sheets are:[['Safeties and related', 'AIR_M'], ['Safeties and related', 'AIR_P']]
12-18 02:08:32 com_github_MitjaNemec_ReplicateLayout.replicate_layout 1314:Level selected: ['Safeties and related', 'AIR_PRE']
12-18 02:08:32 com_github_MitjaNemec_ReplicateLayout.replicate_layout 1149:Filtering list of tracks
12-18 02:08:33 com_github_MitjaNemec_ReplicateLayout.replicate_layout 357:constructing a list of sheets suitable for replication on level:'AIR_PRE', file:'HP_NMOS_PullDown.kicad_sch'
12-18 02:08:33 com_github_MitjaNemec_ReplicateLayout.replicate_layout 394:suitable sheets are:[['Safeties and related', 'AIR_M'], ['Safeties and related', 'AIR_P']]
12-18 02:08:33 com_github_MitjaNemec_ReplicateLayout.replicate_layout 1314:Level selected: ['Safeties and related', 'AIR_PRE']
12-18 02:08:33 com_github_MitjaNemec_ReplicateLayout.replicate_layout 1149:Filtering list of tracks
12-18 02:08:34 com_github_MitjaNemec_ReplicateLayout.replicate_layout 357:constructing a list of sheets suitable for replication on level:'AIR_PRE', file:'HP_NMOS_PullDown.kicad_sch'
12-18 02:08:34 com_github_MitjaNemec_ReplicateLayout.replicate_layout 394:suitable sheets are:[['Safeties and related', 'AIR_M'], ['Safeties and related', 'AIR_P']]
12-18 02:08:34 com_github_MitjaNemec_ReplicateLayout.replicate_layout 1314:Level selected: ['Safeties and related', 'AIR_PRE']
12-18 02:08:34 com_github_MitjaNemec_ReplicateLayout.replicate_layout 1149:Filtering list of tracks
12-18 02:08:35 com_github_MitjaNemec_ReplicateLayout.replicate_layout 357:constructing a list of sheets suitable for replication on level:'AIR_PRE', file:'HP_NMOS_PullDown.kicad_sch'
12-18 02:08:35 com_github_MitjaNemec_ReplicateLayout.replicate_layout 394:suitable sheets are:[['Safeties and related', 'AIR_M'], ['Safeties and related', 'AIR_P']]
12-18 02:08:35 com_github_MitjaNemec_ReplicateLayout.replicate_layout 1314:Level selected: ['Safeties and related', 'AIR_PRE']
12-18 02:08:35 com_github_MitjaNemec_ReplicateLayout.replicate_layout 1149:Filtering list of tracks
12-18 02:08:36 com_github_MitjaNemec_ReplicateLayout.replicate_layout 357:constructing a list of sheets suitable for replication on level:'AIR_PRE', file:'HP_NMOS_PullDown.kicad_sch'
12-18 02:08:36 com_github_MitjaNemec_ReplicateLayout.replicate_layout 394:suitable sheets are:[['Safeties and related', 'AIR_M'], ['Safeties and related', 'AIR_P']]
12-18 02:08:36 com_github_MitjaNemec_ReplicateLayout.action_replicate_layout 188:Replicating layout
12-18 02:08:36 com_github_MitjaNemec_ReplicateLayout.replicate_layout 203:Starting replication of sheets: [['Safeties and related', 'AIR_M'], ['Safeties and related', 'AIR_P']]
on level: ['Safeties and related', 'AIR_PRE']
with tracks=True, zone=True, text=False, text=False, intersecting=False, remove=False, locked footprints=False, group_only=False
12-18 02:08:36 root 266:updating GUI message: 'Preparing for replication'
12-18 02:08:36 root 271:updating GUI with: 0
12-18 02:08:36 com_github_MitjaNemec_ReplicateLayout.replicate_layout 273:Getting the list of source footprints
12-18 02:08:36 com_github_MitjaNemec_ReplicateLayout.replicate_layout 283:Getting the list of all the remaining footprints
12-18 02:08:36 com_github_MitjaNemec_ReplicateLayout.replicate_layout 290:Getting source tracks
12-18 02:08:36 com_github_MitjaNemec_ReplicateLayout.replicate_layout 1149:Filtering list of tracks
12-18 02:08:36 com_github_MitjaNemec_ReplicateLayout.replicate_layout 294:Getting source zones
12-18 02:08:36 com_github_MitjaNemec_ReplicateLayout.replicate_layout 298:Getting source text items
12-18 02:08:36 root 271:updating GUI with: 66
12-18 02:08:36 com_github_MitjaNemec_ReplicateLayout.replicate_layout 302:Getting source drawing items
12-18 02:08:36 root 266:updating GUI message: 'Replicating footprints'
12-18 02:08:36 com_github_MitjaNemec_ReplicateLayout.replicate_layout 708:Replicating footprints
12-18 02:08:36 com_github_MitjaNemec_ReplicateLayout.replicate_layout 714:Replicating footprints on sheet ['Safeties and related', 'AIR_M']
12-18 02:08:36 com_github_MitjaNemec_ReplicateLayout.replicate_layout 714:Replicating footprints on sheet ['Safeties and related', 'AIR_P']
12-18 02:08:36 root 266:updating GUI message: 'Replicating tracks'
12-18 02:08:36 com_github_MitjaNemec_ReplicateLayout.replicate_layout 874:Replicating tracks
12-18 02:08:36 com_github_MitjaNemec_ReplicateLayout.replicate_layout 880:Replicating tracks on sheet ['Safeties and related', 'AIR_M']
12-18 02:08:36 com_github_MitjaNemec_ReplicateLayout.replicate_layout 880:Replicating tracks on sheet ['Safeties and related', 'AIR_P']
12-18 02:08:36 root 266:updating GUI message: 'Replicating zones'
12-18 02:08:36 com_github_MitjaNemec_ReplicateLayout.replicate_layout 934:Replicating zones
12-18 02:08:36 com_github_MitjaNemec_ReplicateLayout.replicate_layout 941:Replicating zones on sheet ['Safeties and related', 'AIR_M']
